# JRE version: Java(TM) SE Runtime Environment (8.0_144-b01) (build 1.8.0_144-b01)
# Java VM: Java HotSpot(TM) 64-Bit Server VM (25.144-b01 mixed mode bsd-amd64 compressed oops)
Heap:
 PSYoungGen      total 141824K, used 81489K [0x000000076ab00000, 0x0000000774000000, 0x00000007c0000000)
  eden space 131072K, 62% used [0x000000076ab00000,0x000000076fa944d8,0x0000000772b00000)
  from space 10752K, 0% used [0x0000000773580000,0x0000000773580000,0x0000000774000000)
  to   space 10752K, 0% used [0x0000000772b00000,0x0000000772b00000,0x0000000773580000)
 ParOldGen       total 103936K, used 8191K [0x00000006c0000000, 0x00000006c6580000, 0x000000076ab00000)
  object space 103936K, 7% used [0x00000006c0000000,0x00000006c07ffd88,0x00000006c6580000)
 Metaspace       used 27975K, capacity 28326K, committed 28672K, reserved 1075200K
  class space    used 3679K, capacity 3768K, committed 3840K, reserved 1048576K
GC Heap History (6 events):
Event: 1.316 GC heap before
{Heap before GC invocations=1 (full 0):
 PSYoungGen      total 76288K, used 65536K [0x000000076ab00000, 0x0000000770000000, 0x00000007c0000000)
  eden space 65536K, 100% used [0x000000076ab00000,0x000000076eb00000,0x000000076eb00000)
  from space 10752K, 0% used [0x000000076f580000,0x000000076f580000,0x0000000770000000)
  to   space 10752K, 0% used [0x000000076eb00000,0x000000076eb00000,0x000000076f580000)
 ParOldGen       total 175104K, used 0K [0x00000006c0000000, 0x00000006cab00000, 0x000000076ab00000)
  object space 175104K, 0% used [0x00000006c0000000,0x00000006c0000000,0x00000006cab00000)
 Metaspace       used 18809K, capacity 19086K, committed 19328K, reserved 1067008K
  class space    used 2337K, capacity 2424K, committed 2432K, reserved 1048576K
Event: 1.343 GC heap after
Heap after GC invocations=1 (full 0):
 PSYoungGen      total 76288K, used 10748K [0x000000076ab00000, 0x0000000774000000, 0x00000007c0000000)
  eden space 65536K, 0% used [0x000000076ab00000,0x000000076ab00000,0x000000076eb00000)
  from space 10752K, 99% used [0x000000076eb00000,0x000000076f57f2d0,0x000000076f580000)
  to   space 10752K, 0% used [0x0000000773580000,0x0000000773580000,0x0000000774000000)
 ParOldGen       total 175104K, used 4446K [0x00000006c0000000, 0x00000006cab00000, 0x000000076ab00000)
  object space 175104K, 2% used [0x00000006c0000000,0x00000006c0457848,0x00000006cab00000)
 Metaspace       used 18809K, capacity 19086K, committed 19328K, reserved 1067008K
  class space    used 2337K, capacity 2424K, committed 2432K, reserved 1048576K
}
Event: 1.655 GC heap before
{Heap before GC invocations=2 (full 0):
 PSYoungGen      total 76288K, used 22930K [0x000000076ab00000, 0x0000000774000000, 0x00000007c0000000)
  eden space 65536K, 18% used [0x000000076ab00000,0x000000076b6e5540,0x000000076eb00000)
  from space 10752K, 99% used [0x000000076eb00000,0x000000076f57f2d0,0x000000076f580000)
  to   space 10752K, 0% used [0x0000000773580000,0x0000000773580000,0x0000000774000000)
 ParOldGen       total 175104K, used 4446K [0x00000006c0000000, 0x00000006cab00000, 0x000000076ab00000)
  object space 175104K, 2% used [0x00000006c0000000,0x00000006c0457848,0x00000006cab00000)
 Metaspace       used 20871K, capacity 21130K, committed 21248K, reserved 1067008K
  class space    used 2627K, capacity 2720K, committed 2816K, reserved 1048576K
Event: 1.676 GC heap after
Heap after GC invocations=2 (full 0):
 PSYoungGen      total 141824K, used 7994K [0x000000076ab00000, 0x0000000774000000, 0x00000007c0000000)
  eden space 131072K, 0% used [0x000000076ab00000,0x000000076ab00000,0x0000000772b00000)
  from space 10752K, 74% used [0x0000000773580000,0x0000000773d4eac8,0x0000000774000000)
  to   space 10752K, 0% used [0x0000000772b00000,0x0000000772b00000,0x0000000773580000)
 ParOldGen       total 175104K, used 4454K [0x00000006c0000000, 0x00000006cab00000, 0x000000076ab00000)
  object space 175104K, 2% used [0x00000006c0000000,0x00000006c0459848,0x00000006cab00000)
 Metaspace       used 20871K, capacity 21130K, committed 21248K, reserved 1067008K
  class space    used 2627K, capacity 2720K, committed 2816K, reserved 1048576K
}
Event: 1.676 GC heap before
{Heap before GC invocations=3 (full 1):
 PSYoungGen      total 141824K, used 7994K [0x000000076ab00000, 0x0000000774000000, 0x00000007c0000000)
  eden space 131072K, 0% used [0x000000076ab00000,0x000000076ab00000,0x0000000772b00000)
  from space 10752K, 74% used [0x0000000773580000,0x0000000773d4eac8,0x0000000774000000)
  to   space 10752K, 0% used [0x0000000772b00000,0x0000000772b00000,0x0000000773580000)
 ParOldGen       total 175104K, used 4454K [0x00000006c0000000, 0x00000006cab00000, 0x000000076ab00000)
  object space 175104K, 2% used [0x00000006c0000000,0x00000006c0459848,0x00000006cab00000)
 Metaspace       used 20871K, capacity 21130K, committed 21248K, reserved 1067008K
  class space    used 2627K, capacity 2720K, committed 2816K, reserved 1048576K
Event: 1.716 GC heap after
Heap after GC invocations=3 (full 1):
 PSYoungGen      total 141824K, used 0K [0x000000076ab00000, 0x0000000774000000, 0x00000007c0000000)
  eden space 131072K, 0% used [0x000000076ab00000,0x000000076ab00000,0x0000000772b00000)
  from space 10752K, 0% used [0x0000000773580000,0x0000000773580000,0x0000000774000000)
  to   space 10752K, 0% used [0x0000000772b00000,0x0000000772b00000,0x0000000773580000)
 ParOldGen       total 103936K, used 8191K [0x00000006c0000000, 0x00000006c6580000, 0x000000076ab00000)
  object space 103936K, 7% used [0x00000006c0000000,0x00000006c07ffd88,0x00000006c6580000)
 Metaspace       used 20871K, capacity 21130K, committed 21248K, reserved 1067008K
  class space    used 2627K, capacity 2720K, committed 2816K, reserved 1048576K
}

